<?xml version="1.0" encoding="UTF-8"?>
<!-- Generated by org.testng.reporters.JUnitReportReporter -->
<testsuite hostname="Ammulu" name="com.demo.regression.MyTest" tests="1" failures="0" timestamp="13 May 2018 05:54:50 GMT" time="28.405" errors="0">
  <testcase name="test01" time="28.405" classname="com.demo.regression.MyTest"/>
</testsuite> <!-- com.demo.regression.MyTest -->
